mode: set
github.com/p12s/wildberries-http-api/pkg/handler/user.go:10.46,12.43 2 0
github.com/p12s/wildberries-http-api/pkg/handler/user.go:17.2,18.16 2 0
github.com/p12s/wildberries-http-api/pkg/handler/user.go:23.2,25.4 1 0
github.com/p12s/wildberries-http-api/pkg/handler/user.go:12.43,15.3 2 0
github.com/p12s/wildberries-http-api/pkg/handler/user.go:18.16,21.3 2 0
github.com/p12s/wildberries-http-api/pkg/handler/user.go:28.47,30.16 2 0
github.com/p12s/wildberries-http-api/pkg/handler/user.go:35.2,36.16 2 0
github.com/p12s/wildberries-http-api/pkg/handler/user.go:41.2,41.29 1 0
github.com/p12s/wildberries-http-api/pkg/handler/user.go:30.16,33.3 2 0
github.com/p12s/wildberries-http-api/pkg/handler/user.go:36.16,39.3 2 0
github.com/p12s/wildberries-http-api/pkg/handler/user.go:44.46,46.16 2 0
github.com/p12s/wildberries-http-api/pkg/handler/user.go:51.2,53.43 2 0
github.com/p12s/wildberries-http-api/pkg/handler/user.go:58.2,58.58 1 0
github.com/p12s/wildberries-http-api/pkg/handler/user.go:63.2,63.45 1 0
github.com/p12s/wildberries-http-api/pkg/handler/user.go:46.16,49.3 2 0
github.com/p12s/wildberries-http-api/pkg/handler/user.go:53.43,56.3 2 0
github.com/p12s/wildberries-http-api/pkg/handler/user.go:58.58,61.3 2 0
github.com/p12s/wildberries-http-api/pkg/handler/user.go:66.46,68.16 2 0
github.com/p12s/wildberries-http-api/pkg/handler/user.go:72.2,73.16 2 0
github.com/p12s/wildberries-http-api/pkg/handler/user.go:78.2,78.18 1 0
github.com/p12s/wildberries-http-api/pkg/handler/user.go:83.2,84.16 2 0
github.com/p12s/wildberries-http-api/pkg/handler/user.go:89.2,91.4 1 0
github.com/p12s/wildberries-http-api/pkg/handler/user.go:68.16,70.3 1 0
github.com/p12s/wildberries-http-api/pkg/handler/user.go:73.16,76.3 2 0
github.com/p12s/wildberries-http-api/pkg/handler/user.go:78.18,81.3 2 0
github.com/p12s/wildberries-http-api/pkg/handler/user.go:84.16,87.3 2 0
github.com/p12s/wildberries-http-api/pkg/handler/auth.go:21.42,24.43 2 0
github.com/p12s/wildberries-http-api/pkg/handler/auth.go:29.2,30.16 2 0
github.com/p12s/wildberries-http-api/pkg/handler/auth.go:35.2,37.4 1 0
github.com/p12s/wildberries-http-api/pkg/handler/auth.go:24.43,27.3 2 0
github.com/p12s/wildberries-http-api/pkg/handler/auth.go:30.16,33.3 2 0
github.com/p12s/wildberries-http-api/pkg/handler/auth.go:57.42,60.43 2 0
github.com/p12s/wildberries-http-api/pkg/handler/auth.go:65.2,66.16 2 0
github.com/p12s/wildberries-http-api/pkg/handler/auth.go:71.2,73.4 1 0
github.com/p12s/wildberries-http-api/pkg/handler/auth.go:60.43,63.3 2 0
github.com/p12s/wildberries-http-api/pkg/handler/auth.go:66.16,69.3 2 0
github.com/p12s/wildberries-http-api/pkg/handler/comment.go:23.49,25.16 2 0
github.com/p12s/wildberries-http-api/pkg/handler/comment.go:29.2,30.43 2 0
github.com/p12s/wildberries-http-api/pkg/handler/comment.go:35.2,36.16 2 0
github.com/p12s/wildberries-http-api/pkg/handler/comment.go:41.2,43.4 1 0
github.com/p12s/wildberries-http-api/pkg/handler/comment.go:25.16,27.3 1 0
github.com/p12s/wildberries-http-api/pkg/handler/comment.go:30.43,33.3 2 0
github.com/p12s/wildberries-http-api/pkg/handler/comment.go:36.16,39.3 2 0
github.com/p12s/wildberries-http-api/pkg/handler/comment.go:50.50,52.16 2 0
github.com/p12s/wildberries-http-api/pkg/handler/comment.go:55.2,56.16 2 0
github.com/p12s/wildberries-http-api/pkg/handler/comment.go:61.2,63.4 1 0
github.com/p12s/wildberries-http-api/pkg/handler/comment.go:52.16,54.3 1 0
github.com/p12s/wildberries-http-api/pkg/handler/comment.go:56.16,59.3 2 0
github.com/p12s/wildberries-http-api/pkg/handler/comment.go:66.50,68.16 2 0
github.com/p12s/wildberries-http-api/pkg/handler/comment.go:72.2,73.16 2 0
github.com/p12s/wildberries-http-api/pkg/handler/comment.go:78.2,79.16 2 0
github.com/p12s/wildberries-http-api/pkg/handler/comment.go:84.2,84.33 1 0
github.com/p12s/wildberries-http-api/pkg/handler/comment.go:68.16,70.3 1 0
github.com/p12s/wildberries-http-api/pkg/handler/comment.go:73.16,76.3 2 0
github.com/p12s/wildberries-http-api/pkg/handler/comment.go:79.16,82.3 2 0
github.com/p12s/wildberries-http-api/pkg/handler/comment.go:87.49,89.16 2 0
github.com/p12s/wildberries-http-api/pkg/handler/comment.go:93.2,94.16 2 0
github.com/p12s/wildberries-http-api/pkg/handler/comment.go:99.2,100.43 2 0
github.com/p12s/wildberries-http-api/pkg/handler/comment.go:105.2,105.69 1 0
github.com/p12s/wildberries-http-api/pkg/handler/comment.go:110.2,110.45 1 0
github.com/p12s/wildberries-http-api/pkg/handler/comment.go:89.16,91.3 1 0
github.com/p12s/wildberries-http-api/pkg/handler/comment.go:94.16,97.3 2 0
github.com/p12s/wildberries-http-api/pkg/handler/comment.go:100.43,103.3 2 0
github.com/p12s/wildberries-http-api/pkg/handler/comment.go:105.69,108.3 2 0
github.com/p12s/wildberries-http-api/pkg/handler/comment.go:113.49,115.16 2 0
github.com/p12s/wildberries-http-api/pkg/handler/comment.go:119.2,120.16 2 0
github.com/p12s/wildberries-http-api/pkg/handler/comment.go:125.2,126.16 2 0
github.com/p12s/wildberries-http-api/pkg/handler/comment.go:131.2,133.4 1 0
github.com/p12s/wildberries-http-api/pkg/handler/comment.go:115.16,117.3 1 0
github.com/p12s/wildberries-http-api/pkg/handler/comment.go:120.16,123.3 2 0
github.com/p12s/wildberries-http-api/pkg/handler/comment.go:126.16,129.3 2 0
github.com/p12s/wildberries-http-api/pkg/handler/handler.go:15.53,17.2 1 0
github.com/p12s/wildberries-http-api/pkg/handler/handler.go:19.49,21.20 2 0
github.com/p12s/wildberries-http-api/pkg/handler/handler.go:22.2,22.20 1 0
github.com/p12s/wildberries-http-api/pkg/handler/handler.go:23.2,23.30 1 0
github.com/p12s/wildberries-http-api/pkg/handler/handler.go:21.20,21.41 1 0
github.com/p12s/wildberries-http-api/pkg/handler/handler.go:22.20,22.29 1 0
github.com/p12s/wildberries-http-api/pkg/handler/handler.go:23.30,28.3 3 0
github.com/p12s/wildberries-http-api/pkg/handler/handler.go:31.66,38.2 5 0
github.com/p12s/wildberries-http-api/pkg/handler/handler.go:43.2,44.2 2 0
github.com/p12s/wildberries-http-api/pkg/handler/handler.go:67.2,67.15 1 0
github.com/p12s/wildberries-http-api/pkg/handler/handler.go:38.2,41.3 2 0
github.com/p12s/wildberries-http-api/pkg/handler/handler.go:44.2,46.3 2 0
github.com/p12s/wildberries-http-api/pkg/handler/handler.go:59.3,60.3 2 0
github.com/p12s/wildberries-http-api/pkg/handler/handler.go:46.3,53.4 6 0
github.com/p12s/wildberries-http-api/pkg/handler/handler.go:53.4,56.5 2 0
github.com/p12s/wildberries-http-api/pkg/handler/handler.go:60.3,64.4 3 0
github.com/p12s/wildberries-http-api/pkg/handler/middleware.go:19.48,21.18 2 0
github.com/p12s/wildberries-http-api/pkg/handler/middleware.go:26.2,27.57 2 0
github.com/p12s/wildberries-http-api/pkg/handler/middleware.go:32.2,32.32 1 0
github.com/p12s/wildberries-http-api/pkg/handler/middleware.go:37.2,37.26 1 0
github.com/p12s/wildberries-http-api/pkg/handler/middleware.go:42.2,43.16 2 0
github.com/p12s/wildberries-http-api/pkg/handler/middleware.go:48.2,48.24 1 0
github.com/p12s/wildberries-http-api/pkg/handler/middleware.go:21.18,24.3 2 0
github.com/p12s/wildberries-http-api/pkg/handler/middleware.go:27.57,30.3 2 0
github.com/p12s/wildberries-http-api/pkg/handler/middleware.go:32.32,35.3 2 0
github.com/p12s/wildberries-http-api/pkg/handler/middleware.go:37.26,40.3 2 0
github.com/p12s/wildberries-http-api/pkg/handler/middleware.go:43.16,46.3 2 0
github.com/p12s/wildberries-http-api/pkg/handler/middleware.go:51.45,53.9 2 0
github.com/p12s/wildberries-http-api/pkg/handler/middleware.go:58.2,59.9 2 0
github.com/p12s/wildberries-http-api/pkg/handler/middleware.go:64.2,64.19 1 0
github.com/p12s/wildberries-http-api/pkg/handler/middleware.go:53.9,56.3 2 0
github.com/p12s/wildberries-http-api/pkg/handler/middleware.go:59.9,62.3 2 0
github.com/p12s/wildberries-http-api/pkg/handler/response.go:12.71,15.2 2 0
